{"/Users/gr1d99/Projects/vue-stuff/iaps-frontend/src/App.vue": {"path":"/Users/gr1d99/Projects/vue-stuff/iaps-frontend/src/App.vue","statementMap":{"0":{"start":{"line":18,"column":0},"end":{"line":null,"column":-1}},"1":{"start":{"line":19,"column":0},"end":{"line":null,"column":-1}},"2":{"start":{"line":29,"column":0},"end":{"line":null,"column":-1}}},"fnMap":{},"branchMap":{},"s":{"0":0,"1":0,"2":0},"f":{},"b":{}}
,"/Users/gr1d99/Projects/vue-stuff/iaps-frontend/src/axios/index.js": {"path":"/Users/gr1d99/Projects/vue-stuff/iaps-frontend/src/axios/index.js","statementMap":{"0":{"start":{"line":1,"column":0},"end":{"line":null,"column":-1}},"1":{"start":{"line":2,"column":0},"end":{"line":null,"column":-1}},"2":{"start":{"line":3,"column":0},"end":{"line":null,"column":-1}},"3":{"start":{"line":5,"column":0},"end":{"line":null,"column":-1}}},"fnMap":{},"branchMap":{},"s":{"0":0,"1":0,"2":0,"3":0},"f":{},"b":{}}
,"/Users/gr1d99/Projects/vue-stuff/iaps-frontend/src/components/Alert/AlertBox.vue": {"path":"/Users/gr1d99/Projects/vue-stuff/iaps-frontend/src/components/Alert/AlertBox.vue","statementMap":{"0":{"start":{"line":18,"column":0},"end":{"line":null,"column":-1}},"1":{"start":{"line":22,"column":0},"end":{"line":null,"column":-1}},"2":{"start":{"line":27,"column":0},"end":{"line":null,"column":-1}}},"fnMap":{},"branchMap":{},"s":{"0":0,"1":0,"2":0},"f":{},"b":{}}
,"/Users/gr1d99/Projects/vue-stuff/iaps-frontend/src/components/authentication/Signup/UserSignup.vue": {"path":"/Users/gr1d99/Projects/vue-stuff/iaps-frontend/src/components/authentication/Signup/UserSignup.vue","statementMap":{"0":{"start":{"line":51,"column":0},"end":{"line":null,"column":-1}},"1":{"start":{"line":52,"column":0},"end":{"line":null,"column":-1}},"2":{"start":{"line":57,"column":0},"end":{"line":null,"column":-1}},"3":{"start":{"line":74,"column":0},"end":{"line":null,"column":-1}},"4":{"start":{"line":75,"column":0},"end":{"line":null,"column":-1}},"5":{"start":{"line":79,"column":0},"end":{"line":91,"column":0}},"6":{"start":{"line":83,"column":0},"end":{"line":null,"column":-1}},"7":{"start":{"line":86,"column":0},"end":{"line":null,"column":-1}},"8":{"start":{"line":87,"column":0},"end":{"line":90,"column":0}},"9":{"start":{"line":88,"column":0},"end":{"line":null,"column":-1}},"10":{"start":{"line":89,"column":0},"end":{"line":null,"column":-1}},"11":{"start":{"line":94,"column":0},"end":{"line":null,"column":-1}},"12":{"start":{"line":95,"column":0},"end":{"line":null,"column":-1}},"13":{"start":{"line":96,"column":0},"end":{"line":null,"column":-1}},"14":{"start":{"line":99,"column":0},"end":{"line":null,"column":-1}},"15":{"start":{"line":100,"column":0},"end":{"line":107,"column":0}},"16":{"start":{"line":101,"column":0},"end":{"line":null,"column":-1}},"17":{"start":{"line":102,"column":0},"end":{"line":106,"column":0}},"18":{"start":{"line":103,"column":0},"end":{"line":null,"column":-1}},"19":{"start":{"line":104,"column":0},"end":{"line":null,"column":-1}},"20":{"start":{"line":105,"column":0},"end":{"line":null,"column":-1}},"21":{"start":{"line":110,"column":0},"end":{"line":114,"column":0}},"22":{"start":{"line":111,"column":0},"end":{"line":null,"column":-1}},"23":{"start":{"line":112,"column":0},"end":{"line":null,"column":-1}},"24":{"start":{"line":113,"column":0},"end":{"line":null,"column":-1}},"25":{"start":{"line":117,"column":0},"end":{"line":null,"column":-1}},"26":{"start":{"line":118,"column":0},"end":{"line":null,"column":-1}}},"fnMap":{"0":{"name":"(anonymous_1)","decl":{"start":{"line":79,"column":0},"end":{"line":null,"column":-1}},"loc":{"start":{"line":79,"column":0},"end":{"line":84,"column":0}}},"1":{"name":"(anonymous_2)","decl":{"start":{"line":84,"column":0},"end":{"line":null,"column":-1}},"loc":{"start":{"line":84,"column":0},"end":{"line":91,"column":0}}},"2":{"name":"(anonymous_3)","decl":{"start":{"line":100,"column":0},"end":{"line":null,"column":-1}},"loc":{"start":{"line":100,"column":0},"end":{"line":107,"column":0}}},"3":{"name":"(anonymous_4)","decl":{"start":{"line":110,"column":0},"end":{"line":null,"column":-1}},"loc":{"start":{"line":110,"column":0},"end":{"line":114,"column":0}}}},"branchMap":{"0":{"loc":{"start":{"line":87,"column":0},"end":{"line":90,"column":0}},"type":"if","locations":[{"start":{"line":87,"column":0},"end":{"line":90,"column":0}},{"start":{"line":87,"column":0},"end":{"line":90,"column":0}}]},"1":{"loc":{"start":{"line":102,"column":0},"end":{"line":106,"column":0}},"type":"if","locations":[{"start":{"line":102,"column":0},"end":{"line":106,"column":0}},{"start":{"line":102,"column":0},"end":{"line":106,"column":0}}]}},"s":{"0":0,"1":0,"2":0,"3":0,"4":0,"5":0,"6":0,"7":0,"8":0,"9":0,"10":0,"11":0,"12":0,"13":0,"14":0,"15":0,"16":0,"17":0,"18":0,"19":0,"20":0,"21":0,"22":0,"23":0,"24":0,"25":0,"26":0},"f":{"0":0,"1":0,"2":0,"3":0},"b":{"0":[0,0],"1":[0,0]}}
,"/Users/gr1d99/Projects/vue-stuff/iaps-frontend/src/constants/api.js": {"path":"/Users/gr1d99/Projects/vue-stuff/iaps-frontend/src/constants/api.js","statementMap":{"0":{"start":{"line":1,"column":28},"end":{"line":1,"column":7}},"1":{"start":{"line":2,"column":24},"end":{"line":2,"column":7}},"2":{"start":{"line":3,"column":33},"end":{"line":3,"column":7}}},"fnMap":{},"branchMap":{},"s":{"0":0,"1":0,"2":0},"f":{},"b":{}}
,"/Users/gr1d99/Projects/vue-stuff/iaps-frontend/src/constants/messages.js": {"path":"/Users/gr1d99/Projects/vue-stuff/iaps-frontend/src/constants/messages.js","statementMap":{"0":{"start":{"line":1,"column":36},"end":{"line":1,"column":7}}},"fnMap":{},"branchMap":{},"s":{"0":0},"f":{},"b":{}}
,"/Users/gr1d99/Projects/vue-stuff/iaps-frontend/src/router/index.js": {"path":"/Users/gr1d99/Projects/vue-stuff/iaps-frontend/src/router/index.js","statementMap":{"0":{"start":{"line":1,"column":0},"end":{"line":null,"column":-1}},"1":{"start":{"line":2,"column":0},"end":{"line":null,"column":-1}},"2":{"start":{"line":4,"column":0},"end":{"line":null,"column":-1}},"3":{"start":{"line":5,"column":0},"end":{"line":null,"column":-1}},"4":{"start":{"line":8,"column":0},"end":{"line":null,"column":-1}},"5":{"start":{"line":10,"column":15},"end":{"line":10,"column":0}}},"fnMap":{},"branchMap":{},"s":{"0":0,"1":0,"2":0,"3":0,"4":0,"5":0},"f":{},"b":{}}
,"/Users/gr1d99/Projects/vue-stuff/iaps-frontend/src/store/index.js": {"path":"/Users/gr1d99/Projects/vue-stuff/iaps-frontend/src/store/index.js","statementMap":{"0":{"start":{"line":1,"column":0},"end":{"line":null,"column":-1}},"1":{"start":{"line":2,"column":0},"end":{"line":null,"column":-1}},"2":{"start":{"line":4,"column":0},"end":{"line":null,"column":-1}},"3":{"start":{"line":6,"column":0},"end":{"line":null,"column":-1}}},"fnMap":{},"branchMap":{},"s":{"0":0,"1":0,"2":0,"3":0},"f":{},"b":{}}
,"/Users/gr1d99/Projects/vue-stuff/iaps-frontend/src/store/mutations.js": {"path":"/Users/gr1d99/Projects/vue-stuff/iaps-frontend/src/store/mutations.js","statementMap":{"0":{"start":{"line":1,"column":18},"end":{"line":10,"column":1}},"1":{"start":{"line":3,"column":4},"end":{"line":4,"column":53}},"2":{"start":{"line":7,"column":4},"end":{"line":8,"column":49}}},"fnMap":{},"branchMap":{},"s":{"0":1,"1":1,"2":1},"f":{},"b":{},"_coverageSchema":"332fd63041d2c1bcb487cc26dd0d5f7d97098a6c","hash":"e3f6a8a8bbcdcc8d978e7df1af02f7e7a28eb0a7"}
,"/Users/gr1d99/Projects/vue-stuff/iaps-frontend/src/views/Signup/SignupPage.vue": {"path":"/Users/gr1d99/Projects/vue-stuff/iaps-frontend/src/views/Signup/SignupPage.vue","statementMap":{"0":{"start":{"line":8,"column":0},"end":{"line":null,"column":-1}}},"fnMap":{},"branchMap":{},"s":{"0":0},"f":{},"b":{}}
}
