TN:
SF:/Users/gr1d99/Projects/vue-stuff/iaps-frontend/src/App.vue
FNF:0
FNH:0
DA:18,0
DA:19,0
DA:29,0
LF:3
LH:0
BRF:0
BRH:0
end_of_record
TN:
SF:/Users/gr1d99/Projects/vue-stuff/iaps-frontend/src/axios/index.js
FNF:0
FNH:0
DA:1,0
DA:2,0
DA:3,0
DA:5,0
LF:4
LH:0
BRF:0
BRH:0
end_of_record
TN:
SF:/Users/gr1d99/Projects/vue-stuff/iaps-frontend/src/components/Alert/AlertBox.vue
FNF:0
FNH:0
DA:18,0
DA:22,0
DA:27,0
LF:3
LH:0
BRF:0
BRH:0
end_of_record
TN:
SF:/Users/gr1d99/Projects/vue-stuff/iaps-frontend/src/components/authentication/Signup/UserSignup.vue
FN:79,(anonymous_1)
FN:84,(anonymous_2)
FN:100,(anonymous_3)
FN:110,(anonymous_4)
FNF:4
FNH:0
FNDA:0,(anonymous_1)
FNDA:0,(anonymous_2)
FNDA:0,(anonymous_3)
FNDA:0,(anonymous_4)
DA:51,0
DA:52,0
DA:57,0
DA:74,0
DA:75,0
DA:79,0
DA:83,0
DA:86,0
DA:87,0
DA:88,0
DA:89,0
DA:94,0
DA:95,0
DA:96,0
DA:99,0
DA:100,0
DA:101,0
DA:102,0
DA:103,0
DA:104,0
DA:105,0
DA:110,0
DA:111,0
DA:112,0
DA:113,0
DA:117,0
DA:118,0
LF:27
LH:0
BRDA:87,0,0,0
BRDA:87,0,1,0
BRDA:102,1,0,0
BRDA:102,1,1,0
BRF:4
BRH:0
end_of_record
TN:
SF:/Users/gr1d99/Projects/vue-stuff/iaps-frontend/src/constants/api.js
FNF:0
FNH:0
DA:1,0
DA:2,0
DA:3,0
LF:3
LH:0
BRF:0
BRH:0
end_of_record
TN:
SF:/Users/gr1d99/Projects/vue-stuff/iaps-frontend/src/constants/messages.js
FNF:0
FNH:0
DA:1,0
LF:1
LH:0
BRF:0
BRH:0
end_of_record
TN:
SF:/Users/gr1d99/Projects/vue-stuff/iaps-frontend/src/router/index.js
FNF:0
FNH:0
DA:1,0
DA:2,0
DA:4,0
DA:5,0
DA:8,0
DA:10,0
LF:6
LH:0
BRF:0
BRH:0
end_of_record
TN:
SF:/Users/gr1d99/Projects/vue-stuff/iaps-frontend/src/store/index.js
FNF:0
FNH:0
DA:1,0
DA:2,0
DA:4,0
DA:6,0
LF:4
LH:0
BRF:0
BRH:0
end_of_record
TN:
SF:/Users/gr1d99/Projects/vue-stuff/iaps-frontend/src/store/mutations.js
FNF:0
FNH:0
DA:1,1
DA:3,1
DA:7,1
LF:3
LH:3
BRF:0
BRH:0
end_of_record
TN:
SF:/Users/gr1d99/Projects/vue-stuff/iaps-frontend/src/views/Signup/SignupPage.vue
FNF:0
FNH:0
DA:8,0
LF:1
LH:0
BRF:0
BRH:0
end_of_record
